{"level":"info","message":"Server has started!","date":"Aug 7, 2018","time":"9:14:16 AM"}
{"level":"info","message":"Server has started!","date":"Aug 7, 2018","time":"9:22:15 AM"}
{"level":"info","message":"Server has started!","date":"Aug 7, 2018","time":"9:23:27 AM"}
{"level":"info","message":"Server has started!","date":"Aug 7, 2018","time":"9:23:36 AM"}
{"level":"info","message":"Server has started!"}
{"level":"info","message":"Server has started!"}
{"level":"info","message":"Server has started!"}
{"level":"info","message":"Server has started!"}
{"level":"info","message":"Server has started!"}
{"level":"info","message":"Server has started!"}
{"level":"info","message":"Server has started!"}
{"level":"info","message":"Server has started!"}
{"level":"info","message":"Server has started!"}
{"level":"info","message":"Server has started!","date":"Aug 7, 2018","time":"9:30:22 AM"}
{"level":"info","message":"Server has started!","date":"Aug 7, 2018","time":"9:30:53 AM"}
{"level":"info","message":"Server has started!","date":"Aug 7, 2018","time":"9:32:08 AM"}
{"level":"info","message":"Server has started!","date":"Aug 7, 2018","time":"9:33:50 AM"}
{"level":"info","message":"Server has started!","date":"Aug 7, 2018","time":"9:36:03 AM"}
{"level":"info","message":"Server has started!","date":"Aug 7, 2018","time":"9:45:48 AM"}
{"level":"info","message":"Server has started!","date":"Aug 7, 2018","time":"9:53:23 AM"}
{"level":"info","message":"Login success","date":"Aug 7, 2018","time":"9:53:23 AM"}
{"level":"info","message":"Server has started!","date":"Aug 7, 2018","time":"9:54:16 AM"}
{"level":"info","message":"Server has started!","date":"Aug 7, 2018","time":"9:54:22 AM"}
{"level":"info","message":"Login success","user":"admin","date":"Aug 7, 2018","time":"9:54:22 AM"}
{"level":"info","message":"Login success","user":"Brooklyn27","date":"Aug 7, 2018","time":"9:54:22 AM"}
{"level":"error","message":"Login failed","date":"Aug 7, 2018","time":"9:54:22 AM"}
{"level":"info","message":"Server has started!","date":"Aug 7, 2018","time":"10:00:31 AM"}
{"level":"info","message":"Server has started!","date":"Aug 7, 2018","time":"10:02:26 AM"}
{"level":"error","message":"Login failed","error":{},"date":"Aug 7, 2018","time":"10:02:26 AM"}
{"level":"error","message":"Login failed","error":{},"date":"Aug 7, 2018","time":"10:02:26 AM"}
{"level":"error","message":"Login failed","error":{},"date":"Aug 7, 2018","time":"10:02:26 AM"}
{"level":"error","message":"Login failed","error":{},"date":"Aug 7, 2018","time":"10:02:26 AM"}
{"level":"error","message":"Login failed","error":{},"date":"Aug 7, 2018","time":"10:02:26 AM"}
{"level":"error","message":"Login failed","error":{},"date":"Aug 7, 2018","time":"10:02:26 AM"}
{"level":"error","message":"Login failed","error":{},"date":"Aug 7, 2018","time":"10:02:26 AM"}
{"level":"error","message":"Login failed","error":{},"date":"Aug 7, 2018","time":"10:02:26 AM"}
{"level":"info","message":"Server has started!","date":"Aug 7, 2018","time":"10:03:18 AM"}
{"level":"error","message":"Login failed","error":{},"date":"Aug 7, 2018","time":"10:03:18 AM"}
{"level":"error","message":"Login failed","error":{},"date":"Aug 7, 2018","time":"10:03:18 AM"}
{"level":"error","message":"Login failed","error":{},"date":"Aug 7, 2018","time":"10:03:18 AM"}
{"level":"error","message":"Login failed","error":{},"date":"Aug 7, 2018","time":"10:03:18 AM"}
{"level":"info","message":"Server has started!","date":"Aug 7, 2018","time":"10:03:59 AM"}
{"level":"error","message":"Login failed","date":"Aug 7, 2018","time":"10:03:59 AM"}
{"level":"info","message":"Server has started!","date":"Aug 7, 2018","time":"10:08:18 AM"}
