{"level":"error","message":"Login failed","date":"Aug 7, 2018","time":"9:54:22 AM"}
{"level":"error","message":"Login failed","date":"Aug 7, 2018","time":"10:03:59 AM"}
{"level":"error","message":"Login failed","date":"Aug 7, 2018","time":"11:15:10 AM"}
{"level":"error","message":"Login failed","date":"Aug 7, 2018","time":"11:15:10 AM"}
{"level":"error","message":"Login failed","date":"Aug 7, 2018","time":"11:15:10 AM"}
{"level":"error","message":"Login failed","date":"Aug 7, 2018","time":"11:15:10 AM"}
{"level":"error","message":"Login failed","date":"Aug 7, 2018","time":"11:15:10 AM"}
{"level":"error","message":"Login failed","date":"Aug 7, 2018","time":"11:15:10 AM"}
{"level":"error","message":"Login failed","date":"Aug 7, 2018","time":"11:15:10 AM"}
{"level":"error","message":"Login failed","date":"Aug 7, 2018","time":"11:15:10 AM"}
{"level":"error","message":"Login failed","date":"Aug 7, 2018","time":"11:15:10 AM"}
{"level":"error","message":"Login failed","date":"Aug 7, 2018","time":"11:15:10 AM"}
{"level":"error","message":"Login failed","date":"Aug 7, 2018","time":"11:15:10 AM"}
{"level":"error","message":"Login failed","date":"Aug 7, 2018","time":"11:15:10 AM"}
{"level":"error","message":"Login failed","date":"Aug 7, 2018","time":"11:15:10 AM"}
{"level":"error","message":"Login failed","date":"Aug 7, 2018","time":"11:15:10 AM"}
{"level":"error","message":"Login failed","date":"Aug 7, 2018","time":"11:15:10 AM"}
{"level":"error","message":"Login failed","date":"Aug 7, 2018","time":"11:15:10 AM"}
{"level":"error","message":"Login failed","date":"Aug 7, 2018","time":"11:15:10 AM"}
{"level":"error","message":"Login failed","date":"Aug 7, 2018","time":"11:15:10 AM"}
{"level":"error","message":"Login failed","date":"Aug 7, 2018","time":"11:15:10 AM"}
{"level":"error","message":"Login failed","date":"Aug 7, 2018","time":"1:53:31 PM"}
{"level":"error","message":"Register failed","user":"Isur","error":{"errors":{"permissions.addProducts":{"message":"Path `permissions.addProducts` is required.","name":"ValidatorError","properties":{"message":"Path `permissions.addProducts` is required.","type":"required","path":"permissions.addProducts"},"kind":"required","path":"permissions.addProducts","$isValidatorError":true}},"_message":"user validation failed","message":"user validation failed: permissions.addProducts: Path `permissions.addProducts` is required.","name":"ValidationError"},"date":"Aug 7, 2018","time":"2:38:50 PM"}
{"level":"error","message":"Login failed","date":"Aug 7, 2018","time":"2:38:50 PM"}
{"level":"error","message":"Register failed","user":"sdafdsf","error":{"errors":{"permissions.addProducts":{"message":"Path `permissions.addProducts` is required.","name":"ValidatorError","properties":{"message":"Path `permissions.addProducts` is required.","type":"required","path":"permissions.addProducts"},"kind":"required","path":"permissions.addProducts","$isValidatorError":true}},"_message":"user validation failed","message":"user validation failed: permissions.addProducts: Path `permissions.addProducts` is required.","name":"ValidationError"},"date":"Aug 7, 2018","time":"2:38:50 PM"}
{"level":"error","message":"Register failed","user":"sdafdsf","error":{"errors":{"permissions.addProducts":{"message":"Path `permissions.addProducts` is required.","name":"ValidatorError","properties":{"message":"Path `permissions.addProducts` is required.","type":"required","path":"permissions.addProducts"},"kind":"required","path":"permissions.addProducts","$isValidatorError":true}},"_message":"user validation failed","message":"user validation failed: permissions.addProducts: Path `permissions.addProducts` is required.","name":"ValidationError"},"date":"Aug 7, 2018","time":"2:38:50 PM"}
{"level":"error","message":"Register failed","user":"sdafdsf","error":{"errors":{"permissions.addProducts":{"message":"Path `permissions.addProducts` is required.","name":"ValidatorError","properties":{"message":"Path `permissions.addProducts` is required.","type":"required","path":"permissions.addProducts"},"kind":"required","path":"permissions.addProducts","$isValidatorError":true}},"_message":"user validation failed","message":"user validation failed: permissions.addProducts: Path `permissions.addProducts` is required.","name":"ValidationError"},"date":"Aug 7, 2018","time":"2:38:50 PM"}
{"level":"error","message":"Register failed","user":"sdafdsf","error":{"errors":{"permissions.addProducts":{"message":"Path `permissions.addProducts` is required.","name":"ValidatorError","properties":{"message":"Path `permissions.addProducts` is required.","type":"required","path":"permissions.addProducts"},"kind":"required","path":"permissions.addProducts","$isValidatorError":true}},"_message":"user validation failed","message":"user validation failed: permissions.addProducts: Path `permissions.addProducts` is required.","name":"ValidationError"},"date":"Aug 7, 2018","time":"2:38:50 PM"}
{"level":"error","message":"Register failed","user":"sdafdsf","error":{"errors":{"permissions.addProducts":{"message":"Path `permissions.addProducts` is required.","name":"ValidatorError","properties":{"message":"Path `permissions.addProducts` is required.","type":"required","path":"permissions.addProducts"},"kind":"required","path":"permissions.addProducts","$isValidatorError":true}},"_message":"user validation failed","message":"user validation failed: permissions.addProducts: Path `permissions.addProducts` is required.","name":"ValidationError"},"date":"Aug 7, 2018","time":"2:38:50 PM"}
{"level":"error","message":"Register failed","user":"asdfasdf","error":{"errors":{"permissions.addProducts":{"message":"Path `permissions.addProducts` is required.","name":"ValidatorError","properties":{"message":"Path `permissions.addProducts` is required.","type":"required","path":"permissions.addProducts"},"kind":"required","path":"permissions.addProducts","$isValidatorError":true}},"_message":"user validation failed","message":"user validation failed: permissions.addProducts: Path `permissions.addProducts` is required.","name":"ValidationError"},"date":"Aug 7, 2018","time":"2:42:17 PM"}
{"level":"error","message":"Login failed","date":"Aug 7, 2018","time":"2:44:28 PM"}
{"level":"error","message":"Login failed","date":"Aug 7, 2018","time":"2:46:20 PM"}
{"level":"error","message":"Login failed","date":"Aug 7, 2018","time":"2:46:20 PM"}
{"level":"error","message":"Login failed","date":"Aug 7, 2018","time":"2:46:20 PM"}
{"level":"error","message":"Register failed","user":"","date":"Aug 7, 2018","time":"2:46:20 PM"}
{"level":"error","message":"Register failed","user":"Isur","date":"Aug 7, 2018","time":"2:46:20 PM"}
{"level":"error","message":"Register failed","user":"Isur","date":"Aug 7, 2018","time":"2:48:35 PM"}
{"level":"error","message":"Register failed","user":"Isur","date":"Aug 7, 2018","time":"2:50:23 PM"}
{"level":"error","message":"Register failed","user":"Isur","date":"Aug 7, 2018","time":"2:51:50 PM"}
